# JRE version: OpenJDK Runtime Environment (13.0.2+8) (build 13.0.2+8)
# Java VM: OpenJDK 64-Bit Server VM (13.0.2+8, mixed mode, sharing, tiered, compressed oops, g1 gc, windows-amd64)
Heap:
 garbage-first heap   total 324608K, used 85658K [0x0000000704200000, 0x0000000800000000)
  region size 1024K, 4 young (4096K), 4 survivors (4096K)
 Metaspace       used 34122K, capacity 35239K, committed 35456K, reserved 1081344K
  class space    used 3696K, capacity 4112K, committed 4224K, reserved 1048576K
GC Heap History (20 events):
Event: 6.999 GC heap after
{Heap after GC invocations=13 (full 0):
 garbage-first heap   total 75776K, used 40511K [0x0000000704200000, 0x0000000800000000)
  region size 1024K, 2 young (2048K), 2 survivors (2048K)
 Metaspace       used 23623K, capacity 24292K, committed 24448K, reserved 1071104K
  class space    used 2667K, capacity 2917K, committed 2944K, reserved 1048576K
}
Event: 7.231 GC heap before
{Heap before GC invocations=13 (full 0):
 garbage-first heap   total 75776K, used 53823K [0x0000000704200000, 0x0000000800000000)
  region size 1024K, 15 young (15360K), 2 survivors (2048K)
 Metaspace       used 24101K, capacity 24816K, committed 25088K, reserved 1071104K
  class space    used 2730K, capacity 2981K, committed 3072K, reserved 1048576K
}
Event: 7.235 GC heap after
{Heap after GC invocations=14 (full 0):
 garbage-first heap   total 75776K, used 41793K [0x0000000704200000, 0x0000000800000000)
  region size 1024K, 2 young (2048K), 2 survivors (2048K)
 Metaspace       used 24101K, capacity 24816K, committed 25088K, reserved 1071104K
  class space    used 2730K, capacity 2981K, committed 3072K, reserved 1048576K
}
Event: 7.753 GC heap before
{Heap before GC invocations=15 (full 0):
 garbage-first heap   total 75776K, used 55105K [0x0000000704200000, 0x0000000800000000)
  region size 1024K, 15 young (15360K), 2 survivors (2048K)
 Metaspace       used 25061K, capacity 25733K, committed 25984K, reserved 1073152K
  class space    used 2837K, capacity 3090K, committed 3200K, reserved 1048576K
}
Event: 7.762 GC heap after
{Heap after GC invocations=16 (full 0):
 garbage-first heap   total 91136K, used 41306K [0x0000000704200000, 0x0000000800000000)
  region size 1024K, 1 young (1024K), 1 survivors (1024K)
 Metaspace       used 25061K, capacity 25733K, committed 25984K, reserved 1073152K
  class space    used 2837K, capacity 3090K, committed 3200K, reserved 1048576K
}
Event: 8.174 GC heap before
{Heap before GC invocations=16 (full 0):
 garbage-first heap   total 91136K, used 61786K [0x0000000704200000, 0x0000000800000000)
  region size 1024K, 21 young (21504K), 1 survivors (1024K)
 Metaspace       used 25417K, capacity 26116K, committed 26240K, reserved 1073152K
  class space    used 2862K, capacity 3135K, committed 3200K, reserved 1048576K
}
Event: 8.181 GC heap after
{Heap after GC invocations=17 (full 0):
 garbage-first heap   total 91136K, used 42435K [0x0000000704200000, 0x0000000800000000)
  region size 1024K, 3 young (3072K), 3 survivors (3072K)
 Metaspace       used 25417K, capacity 26116K, committed 26240K, reserved 1073152K
  class space    used 2862K, capacity 3135K, committed 3200K, reserved 1048576K
}
Event: 8.254 GC heap before
{Heap before GC invocations=17 (full 0):
 garbage-first heap   total 91136K, used 43459K [0x0000000704200000, 0x0000000800000000)
  region size 1024K, 6 young (6144K), 3 survivors (3072K)
 Metaspace       used 25821K, capacity 26534K, committed 26752K, reserved 1073152K
  class space    used 2888K, capacity 3169K, committed 3200K, reserved 1048576K
}
Event: 8.262 GC heap after
{Heap after GC invocations=18 (full 0):
 garbage-first heap   total 91136K, used 42607K [0x0000000704200000, 0x0000000800000000)
  region size 1024K, 2 young (2048K), 2 survivors (2048K)
 Metaspace       used 25821K, capacity 26534K, committed 26752K, reserved 1073152K
  class space    used 2888K, capacity 3169K, committed 3200K, reserved 1048576K
}
Event: 8.718 GC heap before
{Heap before GC invocations=19 (full 0):
 garbage-first heap   total 225280K, used 162415K [0x0000000704200000, 0x0000000800000000)
  region size 1024K, 23 young (23552K), 2 survivors (2048K)
 Metaspace       used 25957K, capacity 26663K, committed 26752K, reserved 1073152K
  class space    used 2891K, capacity 3169K, committed 3200K, reserved 1048576K
}
Event: 8.722 GC heap after
{Heap after GC invocations=20 (full 0):
 garbage-first heap   total 225280K, used 43634K [0x0000000704200000, 0x0000000800000000)
  region size 1024K, 3 young (3072K), 3 survivors (3072K)
 Metaspace       used 25957K, capacity 26663K, committed 26752K, reserved 1073152K
  class space    used 2891K, capacity 3169K, committed 3200K, reserved 1048576K
}
Event: 9.529 GC heap before
{Heap before GC invocations=20 (full 0):
 garbage-first heap   total 225280K, used 122482K [0x0000000704200000, 0x0000000800000000)
  region size 1024K, 78 young (79872K), 3 survivors (3072K)
 Metaspace       used 26686K, capacity 27393K, committed 27648K, reserved 1073152K
  class space    used 2940K, capacity 3245K, committed 3328K, reserved 1048576K
}
Event: 9.539 GC heap after
{Heap after GC invocations=21 (full 0):
 garbage-first heap   total 270336K, used 52641K [0x0000000704200000, 0x0000000800000000)
  region size 1024K, 10 young (10240K), 10 survivors (10240K)
 Metaspace       used 26686K, capacity 27393K, committed 27648K, reserved 1073152K
  class space    used 2940K, capacity 3245K, committed 3328K, reserved 1048576K
}
Event: 11.289 GC heap before
{Heap before GC invocations=21 (full 0):
 garbage-first heap   total 270336K, used 148897K [0x0000000704200000, 0x0000000800000000)
  region size 1024K, 105 young (107520K), 10 survivors (10240K)
 Metaspace       used 27895K, capacity 28739K, committed 29056K, reserved 1075200K
  class space    used 3059K, capacity 3353K, committed 3456K, reserved 1048576K
}
Event: 11.301 GC heap after
{Heap after GC invocations=22 (full 0):
 garbage-first heap   total 270336K, used 66115K [0x0000000704200000, 0x0000000800000000)
  region size 1024K, 14 young (14336K), 14 survivors (14336K)
 Metaspace       used 27895K, capacity 28739K, committed 29056K, reserved 1075200K
  class space    used 3059K, capacity 3353K, committed 3456K, reserved 1048576K
}
Event: 12.673 GC heap before
{Heap before GC invocations=22 (full 0):
 garbage-first heap   total 270336K, used 163395K [0x0000000704200000, 0x0000000800000000)
  region size 1024K, 109 young (111616K), 14 survivors (14336K)
 Metaspace       used 30230K, capacity 31165K, committed 31360K, reserved 1077248K
  class space    used 3304K, capacity 3678K, committed 3712K, reserved 1048576K
}
Event: 12.687 GC heap after
{Heap after GC invocations=23 (full 0):
 garbage-first heap   total 270336K, used 63099K [0x0000000704200000, 0x0000000800000000)
  region size 1024K, 3 young (3072K), 3 survivors (3072K)
 Metaspace       used 30230K, capacity 31165K, committed 31360K, reserved 1077248K
  class space    used 3304K, capacity 3678K, committed 3712K, reserved 1048576K
}
Event: 13.913 GC heap before
{Heap before GC invocations=23 (full 0):
 garbage-first heap   total 270336K, used 168571K [0x0000000704200000, 0x0000000800000000)
  region size 1024K, 105 young (107520K), 3 survivors (3072K)
 Metaspace       used 30363K, capacity 31333K, committed 31360K, reserved 1077248K
  class space    used 3312K, capacity 3687K, committed 3712K, reserved 1048576K
}
Event: 13.923 GC heap after
{Heap after GC invocations=24 (full 0):
 garbage-first heap   total 270336K, used 86453K [0x0000000704200000, 0x0000000800000000)
  region size 1024K, 14 young (14336K), 14 survivors (14336K)
 Metaspace       used 30363K, capacity 31333K, committed 31360K, reserved 1077248K
  class space    used 3312K, capacity 3687K, committed 3712K, reserved 1048576K
}
Event: 39.687 GC heap before
{Heap before GC invocations=24 (full 0):
 garbage-first heap   total 270336K, used 180661K [0x0000000704200000, 0x0000000800000000)
  region size 1024K, 107 young (109568K), 14 survivors (14336K)
 Metaspace       used 34122K, capacity 35239K, committed 35456K, reserved 1081344K
  class space    used 3696K, capacity 4112K, committed 4224K, reserved 1048576K
}

