# JRE version: Java(TM) SE Runtime Environment 18.9 (11.0.14+8) (build 11.0.14+8-LTS-263)
# Java VM: Java HotSpot(TM) 64-Bit Server VM 18.9 (11.0.14+8-LTS-263, mixed mode, tiered, compressed oops, g1 gc, windows-amd64)
Heap:
 garbage-first heap   total 258048K, used 94451K [0x0000000704200000, 0x0000000800000000)
  region size 1024K, 29 young (29696K), 5 survivors (5120K)
 Metaspace       used 36704K, capacity 37488K, committed 37680K, reserved 1083392K
  class space    used 3821K, capacity 4110K, committed 4224K, reserved 1048576K
GC Heap History (10 events):
Event: 4.059 GC heap before
{Heap before GC invocations=3 (full 0):
 garbage-first heap   total 258048K, used 95751K [0x0000000704200000, 0x0000000800000000)
  region size 1024K, 91 young (93184K), 10 survivors (10240K)
 Metaspace       used 29774K, capacity 30305K, committed 30512K, reserved 1077248K
  class space    used 3183K, capacity 3400K, committed 3456K, reserved 1048576K
}
Event: 4.072 GC heap after
{Heap after GC invocations=4 (full 0):
 garbage-first heap   total 258048K, used 23632K [0x0000000704200000, 0x0000000800000000)
  region size 1024K, 12 young (12288K), 12 survivors (12288K)
 Metaspace       used 29774K, capacity 30305K, committed 30512K, reserved 1077248K
  class space    used 3183K, capacity 3400K, committed 3456K, reserved 1048576K
}
Event: 5.807 GC heap before
{Heap before GC invocations=4 (full 0):
 garbage-first heap   total 258048K, used 118864K [0x0000000704200000, 0x0000000800000000)
  region size 1024K, 105 young (107520K), 12 survivors (12288K)
 Metaspace       used 32729K, capacity 33396K, committed 33712K, reserved 1079296K
  class space    used 3487K, capacity 3736K, committed 3840K, reserved 1048576K
}
Event: 5.821 GC heap after
{Heap after GC invocations=5 (full 0):
 garbage-first heap   total 258048K, used 42380K [0x0000000704200000, 0x0000000800000000)
  region size 1024K, 14 young (14336K), 14 survivors (14336K)
 Metaspace       used 32729K, capacity 33396K, committed 33712K, reserved 1079296K
  class space    used 3487K, capacity 3736K, committed 3840K, reserved 1048576K
}
Event: 6.346 GC heap before
{Heap before GC invocations=5 (full 0):
 garbage-first heap   total 258048K, used 155020K [0x0000000704200000, 0x0000000800000000)
  region size 1024K, 45 young (46080K), 14 survivors (14336K)
 Metaspace       used 33595K, capacity 34359K, committed 34608K, reserved 1079296K
  class space    used 3546K, capacity 3843K, committed 3968K, reserved 1048576K
}
Event: 6.355 GC heap after
{Heap after GC invocations=6 (full 0):
 garbage-first heap   total 258048K, used 76800K [0x0000000704200000, 0x0000000800000000)
  region size 1024K, 3 young (3072K), 3 survivors (3072K)
 Metaspace       used 33595K, capacity 34359K, committed 34608K, reserved 1079296K
  class space    used 3546K, capacity 3843K, committed 3968K, reserved 1048576K
}
Event: 7.764 GC heap before
{Heap before GC invocations=7 (full 0):
 garbage-first heap   total 258048K, used 178176K [0x0000000704200000, 0x0000000800000000)
  region size 1024K, 83 young (84992K), 3 survivors (3072K)
 Metaspace       used 34410K, capacity 35184K, committed 35376K, reserved 1081344K
  class space    used 3593K, capacity 3885K, committed 3968K, reserved 1048576K
}
Event: 7.773 GC heap after
{Heap after GC invocations=8 (full 0):
 garbage-first heap   total 258048K, used 65268K [0x0000000704200000, 0x0000000800000000)
  region size 1024K, 11 young (11264K), 11 survivors (11264K)
 Metaspace       used 34410K, capacity 35184K, committed 35376K, reserved 1081344K
  class space    used 3593K, capacity 3885K, committed 3968K, reserved 1048576K
}
Event: 8.831 GC heap before
{Heap before GC invocations=8 (full 0):
 garbage-first heap   total 258048K, used 150260K [0x0000000704200000, 0x0000000800000000)
  region size 1024K, 95 young (97280K), 11 survivors (11264K)
 Metaspace       used 36658K, capacity 37483K, committed 37680K, reserved 1083392K
  class space    used 3820K, capacity 4109K, committed 4224K, reserved 1048576K
}
Event: 8.839 GC heap after
{Heap after GC invocations=9 (full 0):
 garbage-first heap   total 258048K, used 70899K [0x0000000704200000, 0x0000000800000000)
  region size 1024K, 5 young (5120K), 5 survivors (5120K)
 Metaspace       used 36658K, capacity 37483K, committed 37680K, reserved 1083392K
  class space    used 3820K, capacity 4109K, committed 4224K, reserved 1048576K
}

